Arguments: 
  C:\Program Files\nodejs\node.exe C:\Users\Ori\AppData\Roaming\npm\node_modules\yarn\bin\yarn.js add vuex

PATH: 
  C:\ProgramData\Oracle\Java\javapath;C:\WINDOWS\system32;C:\WINDOWS;C:\WINDOWS\System32\Wbem;C:\WINDOWS\System32\WindowsPowerShell\v1.0\;F:\Python27;C:\Program Files (x86)\Windows Kits\8.1\Windows Performance Toolkit\;C:\Program Files\Microsoft\Web Platform Installer\;C:\Program Files\dotnet\;C:\Program Files (x86)\Skype\Phone\;C:\Program Files\Microsoft SQL Server\Client SDK\ODBC\130\Tools\Binn\;C:\Program Files (x86)\Microsoft SQL Server\Client SDK\ODBC\130\Tools\Binn\;C:\Program Files (x86)\Microsoft SQL Server\140\Tools\Binn\;C:\Program Files (x86)\Microsoft SQL Server\140\DTS\Binn\;C:\Program Files (x86)\Microsoft SQL Server\140\Tools\Binn\ManagementStudio\;C:\Program Files (x86)\Plantronics\Spokes3G\;F:\Program Files\PuTTY\;C:\Program Files\MySQL\MySQL Utilities 1.6\;;F:\Program Files\Git\cmd;C:\Program Files\Microsoft SQL Server\140\Tools\Binn\;C:\Program Files\Microsoft SQL Server\140\DTS\Binn\;C:\WINDOWS\System32\OpenSSH\;C:\Program Files\nodejs\;C:\Users\Ori\.dnx\bin;C:\Program Files (x86)\MSBuild\14.0\Bin;C:\Program Files (x86)\Microsoft VS Code\bin;F:\Ruby22-x64\bin;F:\Program Files\Docker Toolbox;F:\Program Files (x86)\Sophos\Sophos SSL VPN Client\bin;F:\OpenSSL\bin;C:\Users\Ori\AppData\Local\Microsoft\WindowsApps;F:\Program Files (x86)\Notepad++;C:\Users\Ori\AppData\Local\Programs\Fiddler;C:\Users\Ori\AppData\Local\GitHubDesktop\bin;C:\Users\Ori\AppData\Local\Microsoft\WindowsApps;C:\Program Files (x86)\Sophos\Sophos SSL VPN Client\bin;F:\Users\Ori\AppData\Local\Google\Cloud SDK\google-cloud-sdk\bin;C:\Users\Ori\AppData\Local\Yarn\Data\global\node_modules\.bin;C:\Users\Ori\AppData\Roaming\npm;F:\Program Files\PostgreSQL\10\bin;

Yarn version: 
  1.10.1

Node version: 
  8.12.0

Platform: 
  win32 x64

Trace: 
  Error: getaddrinfo ENOTFOUND registry.npmjs.org registry.npmjs.org:80
      at GetAddrInfoReqWrap.onlookup [as oncomplete] (dns.js:67:26)

npm manifest: 
  {
    "dependencies": {
      "vue": "^2.5.17",
      "vuejs": "^3.0.1"
    }
  }

yarn manifest: 
  No manifest

Lockfile: 
  # THIS IS AN AUTOGENERATED FILE. DO NOT EDIT THIS FILE DIRECTLY.
  # yarn lockfile v1
  
  
  vue@^2.5.17:
    version "2.5.17"
    resolved "https://registry.yarnpkg.com/vue/-/vue-2.5.17.tgz#0f8789ad718be68ca1872629832ed533589c6ada"
    integrity sha512-mFbcWoDIJi0w0Za4emyLiW72Jae0yjANHbCVquMKijcavBGypqlF7zHRgMa5k4sesdv7hv2rB4JPdZfR+TPfhQ==
  
  vuejs@^3.0.1:
    version "3.0.1"
    resolved "https://registry.yarnpkg.com/vuejs/-/vuejs-3.0.1.tgz#8e2391b5dcfd7f6c238629b0d75b14568babd285"
    integrity sha512-7SBlojmqoRX8/GIyWU+4U2sZsefLY+KrD0z7F20G9xsDcQOu6vAlWOqcPAKp+Ym4u394budHBRFv8t36cPxUxg==
